FCvfW
FCqnw
FCZLW
FFzvo
FEzvo
FCr^o
FCvfO
EElw
FUxv_
FEnvW
FQzUo
F?z\w
F?qzw
FEl}w
FUxvw
FEjeg
FUz^w
FFz~o
FEj^o
FQzVW
FQz^o
FCfvW
EUzW
FEr~o
FCrno
FC~vW
FEjvo
FCr~o
FCZLw
FCrNo
FEitW
FErvo
FE~tw
FEu~g
FCuvW
FQzUW
FQ~vW
FEl~o
FQy}w
FCZHw
FFzeo
FCrVW
FCx}w
E]~o
FQzno
FU~vW
EVzW
F]~vo
FCuuW
FUxvo
FCz^o
FCZ\w
FEvvW
FUz]w
FE~vW
FErvW
FU~vo
FEivo
FEr^o
F?qjw
FEzV_
FQjuw
FU~vw
FCqno
F]~vw
FEh}w
FEzno
FEjvW
FEl~w
FQjew
F]zno
FTzvW
FCvVW
FEj~o
FEzVo
FEzUo
FUzvW
FCz\w
FUzvo
FCrng
FUz^o
FEivw
FCzno
FEivW

